{
  "RSpec": {
    "coverage": {
      "/Users/iago/projects/service_it/lib/service_it.rb": [
        null,
        null,
        1
      ],
      "/Users/iago/projects/service_it/lib/service_it/base.rb": [
        null,
        null,
        1,
        null,
        null,
        null,
        null,
        1,
        1,
        null,
        null,
        null,
        null,
        null,
        null,
        null,
        null,
        null,
        null,
        1,
        2,
        null,
        null,
        1,
        null,
        1,
        2,
        null,
        2,
        1,
        null,
        null,
        2,
        null,
        null,
        null,
        null,
        1,
        1,
        null,
        null,
        null,
        null
      ]
    },
    "timestamp": 1556898073
  }
}
